[2023-02-14 03:58:08] production.ERROR: Undefined index: name {"exception":"[object] (ErrorException(code: 0): Undefined index: name at E:\\pkl\\master\\vendor\\laravel\\framework\\src\\Illuminate\\Foundation\\PackageManifest.php:122)
[stacktrace]
#0 E:\\pkl\\master\\vendor\\laravel\\framework\\src\\Illuminate\\Foundation\\PackageManifest.php(122): Illuminate\\Foundation\\Bootstrap\\HandleExceptions->handleError(8, 'Undefined index...', 'E:\\\\pkl\\\\master\\\\v...', 122, Array)
#1 E:\\pkl\\master\\vendor\\laravel\\framework\\src\\Illuminate\\Support\\Collection.php(1141): Illuminate\\Foundation\\PackageManifest->Illuminate\\Foundation\\{closure}(Array, 'packages')
#2 E:\\pkl\\master\\vendor\\laravel\\framework\\src\\Illuminate\\Foundation\\PackageManifest.php(123): Illuminate\\Support\\Collection->mapWithKeys(Object(Closure))
#3 E:\\pkl\\master\\vendor\\laravel\\framework\\src\\Illuminate\\Foundation\\PackageManifest.php(97): Illuminate\\Foundation\\PackageManifest->build()
#4 E:\\pkl\\master\\vendor\\laravel\\framework\\src\\Illuminate\\Foundation\\PackageManifest.php(80): Illuminate\\Foundation\\PackageManifest->getManifest()
#5 E:\\pkl\\master\\vendor\\laravel\\framework\\src\\Illuminate\\Foundation\\Bootstrap\\RegisterFacades.php(26): Illuminate\\Foundation\\PackageManifest->aliases()
#6 E:\\pkl\\master\\vendor\\laravel\\framework\\src\\Illuminate\\Foundation\\Application.php(210): Illuminate\\Foundation\\Bootstrap\\RegisterFacades->bootstrap(Object(Illuminate\\Foundation\\Application))
#7 E:\\pkl\\master\\vendor\\laravel\\framework\\src\\Illuminate\\Foundation\\Console\\Kernel.php(311): Illuminate\\Foundation\\Application->bootstrapWith(Array)
#8 E:\\pkl\\master\\vendor\\laravel\\framework\\src\\Illuminate\\Foundation\\Console\\Kernel.php(120): Illuminate\\Foundation\\Console\\Kernel->bootstrap()
#9 E:\\pkl\\master\\artisan(37): Illuminate\\Foundation\\Console\\Kernel->handle(Object(Symfony\\Component\\Console\\Input\\ArgvInput), Object(Symfony\\Component\\Console\\Output\\ConsoleOutput))
#10 {main}
"} 
[2023-02-14 03:59:23] local.ERROR: Undefined index: name {"exception":"[object] (ErrorException(code: 0): Undefined index: name at E:\\pkl\\master\\vendor\\laravel\\framework\\src\\Illuminate\\Foundation\\PackageManifest.php:122)
[stacktrace]
#0 E:\\pkl\\master\\vendor\\laravel\\framework\\src\\Illuminate\\Foundation\\PackageManifest.php(122): Illuminate\\Foundation\\Bootstrap\\HandleExceptions->handleError(8, 'Undefined index...', 'E:\\\\pkl\\\\master\\\\v...', 122, Array)
#1 E:\\pkl\\master\\vendor\\laravel\\framework\\src\\Illuminate\\Support\\Collection.php(1141): Illuminate\\Foundation\\PackageManifest->Illuminate\\Foundation\\{closure}(Array, 'packages')
#2 E:\\pkl\\master\\vendor\\laravel\\framework\\src\\Illuminate\\Foundation\\PackageManifest.php(123): Illuminate\\Support\\Collection->mapWithKeys(Object(Closure))
#3 E:\\pkl\\master\\vendor\\laravel\\framework\\src\\Illuminate\\Foundation\\PackageManifest.php(97): Illuminate\\Foundation\\PackageManifest->build()
#4 E:\\pkl\\master\\vendor\\laravel\\framework\\src\\Illuminate\\Foundation\\PackageManifest.php(80): Illuminate\\Foundation\\PackageManifest->getManifest()
#5 E:\\pkl\\master\\vendor\\laravel\\framework\\src\\Illuminate\\Foundation\\Bootstrap\\RegisterFacades.php(26): Illuminate\\Foundation\\PackageManifest->aliases()
#6 E:\\pkl\\master\\vendor\\laravel\\framework\\src\\Illuminate\\Foundation\\Application.php(210): Illuminate\\Foundation\\Bootstrap\\RegisterFacades->bootstrap(Object(Illuminate\\Foundation\\Application))
#7 E:\\pkl\\master\\vendor\\laravel\\framework\\src\\Illuminate\\Foundation\\Console\\Kernel.php(311): Illuminate\\Foundation\\Application->bootstrapWith(Array)
#8 E:\\pkl\\master\\vendor\\laravel\\framework\\src\\Illuminate\\Foundation\\Console\\Kernel.php(120): Illuminate\\Foundation\\Console\\Kernel->bootstrap()
#9 E:\\pkl\\master\\artisan(37): Illuminate\\Foundation\\Console\\Kernel->handle(Object(Symfony\\Component\\Console\\Input\\ArgvInput), Object(Symfony\\Component\\Console\\Output\\ConsoleOutput))
#10 {main}
"} 
[2023-02-14 04:15:28] local.ERROR: Maximum execution time of 30 seconds exceeded {"userId":1,"exception":"[object] (Symfony\\Component\\Debug\\Exception\\FatalErrorException(code: 1): Maximum execution time of 30 seconds exceeded at E:\\pkl\\master\\vendor\\laravel\\framework\\src\\Illuminate\\Notifications\\DatabaseNotificationCollection.php:7)
[stacktrace]
#0 {main}
"} 
[2023-02-14 04:17:27] local.ERROR: syntax error, unexpected ')' (View: E:\pkl\master\resources\views\admin\partials\sidebar.blade.php) (View: E:\pkl\master\resources\views\admin\partials\sidebar.blade.php) (View: E:\pkl\master\resources\views\admin\partials\sidebar.blade.php) {"userId":1,"exception":"[object] (ErrorException(code: 0): syntax error, unexpected ')' (View: E:\\pkl\\master\esources\\views\\admin\\partials\\sidebar.blade.php) (View: E:\\pkl\\master\esources\\views\\admin\\partials\\sidebar.blade.php) (View: E:\\pkl\\master\esources\\views\\admin\\partials\\sidebar.blade.php) at E:\\pkl\\master\\storage\\framework\\views\\8c446c6d0d46e023892fd38a9a61b40ecbac0532.php:10, ErrorException(code: 0): syntax error, unexpected ')' (View: E:\\pkl\\master\esources\\views\\admin\\partials\\sidebar.blade.php) (View: E:\\pkl\\master\esources\\views\\admin\\partials\\sidebar.blade.php) at E:\\pkl\\master\\storage\\framework\\views\\8c446c6d0d46e023892fd38a9a61b40ecbac0532.php:10, ErrorException(code: 0): syntax error, unexpected ')' (View: E:\\pkl\\master\esources\\views\\admin\\partials\\sidebar.blade.php) at E:\\pkl\\master\\storage\\framework\\views\\8c446c6d0d46e023892fd38a9a61b40ecbac0532.php:10, Symfony\\Component\\Debug\\Exception\\FatalThrowableError(code: 0): syntax error, unexpected ')' at E:\\pkl\\master\\storage\\framework\\views\\8c446c6d0d46e023892fd38a9a61b40ecbac0532.php:10)
[stacktrace]
#0 E:\\pkl\\master\\vendor\\laravel\\framework\\src\\Illuminate\\View\\Engines\\PhpEngine.php(45): Illuminate\\View\\Engines\\CompilerEngine->handleViewException(Object(ErrorException), 1)
#1 E:\\pkl\\master\\vendor\\laravel\\framework\\src\\Illuminate\\View\\Engines\\CompilerEngine.php(59): Illuminate\\View\\Engines\\PhpEngine->evaluatePath('E:\\\\pkl\\\\master\\\\s...', Array)
#2 E:\\pkl\\master\\vendor\\laravel\\framework\\src\\Illuminate\\View\\View.php(142): Illuminate\\View\\Engines\\CompilerEngine->get('E:\\\\pkl\\\\master\\\...', Array)
#3 E:\\pkl\\master\\vendor\\laravel\\framework\\src\\Illuminate\\View\\View.php(125): Illuminate\\View\\View->getContents()
#4 E:\\pkl\\master\\vendor\\laravel\\framework\\src\\Illuminate\\View\\View.php(90): Illuminate\\View\\View->renderContents()
#5 E:\\pkl\\master\\vendor\\laravel\\framework\\src\\Illuminate\\Http\\Response.php(42): Illuminate\\View\\View->render()
#6 E:\\pkl\\master\\vendor\\symfony\\http-foundation\\Response.php(205): Illuminate\\Http\\Response->setContent(Object(Illuminate\\View\\View))
#7 E:\\pkl\\master\\vendor\\laravel\\framework\\src\\Illuminate\\Routing\\Router.php(748): Symfony\\Component\\HttpFoundation\\Response->__construct(Object(Illuminate\\View\\View))
#8 E:\\pkl\\master\\vendor\\laravel\\framework\\src\\Illuminate\\Routing\\Router.php(720): Illuminate\\Routing\\Router::toResponse(Object(Illuminate\\Http\\Request), Object(Illuminate\\View\\View))
#9 E:\\pkl\\master\\vendor\\laravel\\framework\\src\\Illuminate\\Routing\\Router.php(680): Illuminate\\Routing\\Router->prepareResponse(Object(Illuminate\\Http\\Request), Object(Illuminate\\View\\View))
#10 E:\\pkl\\master\\vendor\\laravel\\framework\\src\\Illuminate\\Routing\\Pipeline.php(30): Illuminate\\Routing\\Router->Illuminate\\Routing\\{closure}(Object(Illuminate\\Http\\Request))
#11 E:\\pkl\\master\\vendor\\laravel\\framework\\src\\Illuminate\\Routing\\Middleware\\SubstituteBindings.php(41): Illuminate\\Routing\\Pipeline->Illuminate\\Routing\\{closure}(Object(Illuminate\\Http\\Request))
#12 E:\\pkl\\master\\vendor\\laravel\\framework\\src\\Illuminate\\Pipeline\\Pipeline.php(163): Illuminate\\Routing\\Middleware\\SubstituteBindings->handle(Object(Illuminate\\Http\\Request), Object(Closure))
#13 E:\\pkl\\master\\vendor\\laravel\\framework\\src\\Illuminate\\Routing\\Pipeline.php(53): Illuminate\\Pipeline\\Pipeline->Illuminate\\Pipeline\\{closure}(Object(Illuminate\\Http\\Request))
#14 E:\\pkl\\master\\vendor\\laravel\\framework\\src\\Illuminate\\Auth\\Middleware\\Authenticate.php(43): Illuminate\\Routing\\Pipeline->Illuminate\\Routing\\{closure}(Object(Illuminate\\Http\\Request))
#15 E:\\pkl\\master\\vendor\\laravel\\framework\\src\\Illuminate\\Pipeline\\Pipeline.php(163): Illuminate\\Auth\\Middleware\\Authenticate->handle(Object(Illuminate\\Http\\Request), Object(Closure))
#16 E:\\pkl\\master\\vendor\\laravel\\framework\\src\\Illuminate\\Routing\\Pipeline.php(53): Illuminate\\Pipeline\\Pipeline->Illuminate\\Pipeline\\{closure}(Object(Illuminate\\Http\\Request))
#17 E:\\pkl\\master\\vendor\\laravel\\framework\\src\\Illuminate\\Foundation\\Http\\Middleware\\VerifyCsrfToken.php(75): Illuminate\\Routing\\Pipeline->Illuminate\\Routing\\{closure}(Object(Illuminate\\Http\\Request))
#18 E:\\pkl\\master\\vendor\\laravel\\framework\\src\\Illuminate\\Pipeline\\Pipeline.php(163): Illuminate\\Foundation\\Http\\Middleware\\VerifyCsrfToken->handle(Object(Illuminate\\Http\\Request), Object(Closure))
#19 E:\\pkl\\master\\vendor\\laravel\\framework\\src\\Illuminate\\Routing\\Pipeline.php(53): Illuminate\\Pipeline\\Pipeline->Illuminate\\Pipeline\\{closure}(Object(Illuminate\\Http\\Request))
#20 E:\\pkl\\master\\vendor\\laravel\\framework\\src\\Illuminate\\View\\Middleware\\ShareErrorsFromSession.php(49): Illuminate\\Routing\\Pipeline->Illuminate\\Routing\\{closure}(Object(Illuminate\\Http\\Request))
#21 E:\\pkl\\master\\vendor\\laravel\\framework\\src\\Illuminate\\Pipeline\\Pipeline.php(163): Illuminate\\View\\Middleware\\ShareErrorsFromSession->handle(Object(Illuminate\\Http\\Request), Object(Closure))
#22 E:\\pkl\\master\\vendor\\laravel\\framework\\src\\Illuminate\\Routing\\Pipeline.php(53): Illuminate\\Pipeline\\Pipeline->Illuminate\\Pipeline\\{closure}(Object(Illuminate\\Http\\Request))
#23 E:\\pkl\\master\\vendor\\laravel\\framework\\src\\Illuminate\\Session\\Middleware\\StartSession.php(56): Illuminate\\Routing\\Pipeline->Illuminate\\Routing\\{closure}(Object(Illuminate\\Http\\Request))
#24 E:\\pkl\\master\\vendor\\laravel\\framework\\src\\Illuminate\\Pipeline\\Pipeline.php(163): Illuminate\\Session\\Middleware\\StartSession->handle(Object(Illuminate\\Http\\Request), Object(Closure))
#25 E:\\pkl\\master\\vendor\\laravel\\framework\\src\\Illuminate\\Routing\\Pipeline.php(53): Illuminate\\Pipeline\\Pipeline->Illuminate\\Pipeline\\{closure}(Object(Illuminate\\Http\\Request))
#26 E:\\pkl\\master\\vendor\\laravel\\framework\\src\\Illuminate\\Cookie\\Middleware\\AddQueuedCookiesToResponse.php(37): Illuminate\\Routing\\Pipeline->Illuminate\\Routing\\{closure}(Object(Illuminate\\Http\\Request))
#27 E:\\pkl\\master\\vendor\\laravel\\framework\\src\\Illuminate\\Pipeline\\Pipeline.php(163): Illuminate\\Cookie\\Middleware\\AddQueuedCookiesToResponse->handle(Object(Illuminate\\Http\\Request), Object(Closure))
#28 E:\\pkl\\master\\vendor\\laravel\\framework\\src\\Illuminate\\Routing\\Pipeline.php(53): Illuminate\\Pipeline\\Pipeline->Illuminate\\Pipeline\\{closure}(Object(Illuminate\\Http\\Request))
#29 E:\\pkl\\master\\vendor\\laravel\\framework\\src\\Illuminate\\Cookie\\Middleware\\EncryptCookies.php(66): Illuminate\\Routing\\Pipeline->Illuminate\\Routing\\{closure}(Object(Illuminate\\Http\\Request))
#30 E:\\pkl\\master\\vendor\\laravel\\framework\\src\\Illuminate\\Pipeline\\Pipeline.php(163): Illuminate\\Cookie\\Middleware\\EncryptCookies->handle(Object(Illuminate\\Http\\Request), Object(Closure))
#31 E:\\pkl\\master\\vendor\\laravel\\framework\\src\\Illuminate\\Routing\\Pipeline.php(53): Illuminate\\Pipeline\\Pipeline->Illuminate\\Pipeline\\{closure}(Object(Illuminate\\Http\\Request))
#32 E:\\pkl\\master\\vendor\\laravel\\framework\\src\\Illuminate\\Pipeline\\Pipeline.php(104): Illuminate\\Routing\\Pipeline->Illuminate\\Routing\\{closure}(Object(Illuminate\\Http\\Request))
#33 E:\\pkl\\master\\vendor\\laravel\\framework\\src\\Illuminate\\Routing\\Router.php(682): Illuminate\\Pipeline\\Pipeline->then(Object(Closure))
#34 E:\\pkl\\master\\vendor\\laravel\\framework\\src\\Illuminate\\Routing\\Router.php(657): Illuminate\\Routing\\Router->runRouteWithinStack(Object(Illuminate\\Routing\\Route), Object(Illuminate\\Http\\Request))
#35 E:\\pkl\\master\\vendor\\laravel\\framework\\src\\Illuminate\\Routing\\Router.php(623): Illuminate\\Routing\\Router->runRoute(Object(Illuminate\\Http\\Request), Object(Illuminate\\Routing\\Route))
#36 E:\\pkl\\master\\vendor\\laravel\\framework\\src\\Illuminate\\Routing\\Router.php(612): Illuminate\\Routing\\Router->dispatchToRoute(Object(Illuminate\\Http\\Request))
#37 E:\\pkl\\master\\vendor\\laravel\\framework\\src\\Illuminate\\Foundation\\Http\\Kernel.php(176): Illuminate\\Routing\\Router->dispatch(Object(Illuminate\\Http\\Request))
#38 E:\\pkl\\master\\vendor\\laravel\\framework\\src\\Illuminate\\Routing\\Pipeline.php(30): Illuminate\\Foundation\\Http\\Kernel->Illuminate\\Foundation\\Http\\{closure}(Object(Illuminate\\Http\\Request))
#39 E:\\pkl\\master\\vendor\\fideloper\\proxy\\src\\TrustProxies.php(57): Illuminate\\Routing\\Pipeline->Illuminate\\Routing\\{closure}(Object(Illuminate\\Http\\Request))
#40 E:\\pkl\\master\\vendor\\laravel\\framework\\src\\Illuminate\\Pipeline\\Pipeline.php(163): Fideloper\\Proxy\\TrustProxies->handle(Object(Illuminate\\Http\\Request), Object(Closure))
#41 E:\\pkl\\master\\vendor\\laravel\\framework\\src\\Illuminate\\Routing\\Pipeline.php(53): Illuminate\\Pipeline\\Pipeline->Illuminate\\Pipeline\\{closure}(Object(Illuminate\\Http\\Request))
#42 E:\\pkl\\master\\vendor\\laravel\\framework\\src\\Illuminate\\Foundation\\Http\\Middleware\\TransformsRequest.php(21): Illuminate\\Routing\\Pipeline->Illuminate\\Routing\\{closure}(Object(Illuminate\\Http\\Request))
#43 E:\\pkl\\master\\vendor\\laravel\\framework\\src\\Illuminate\\Pipeline\\Pipeline.php(163): Illuminate\\Foundation\\Http\\Middleware\\TransformsRequest->handle(Object(Illuminate\\Http\\Request), Object(Closure))
#44 E:\\pkl\\master\\vendor\\laravel\\framework\\src\\Illuminate\\Routing\\Pipeline.php(53): Illuminate\\Pipeline\\Pipeline->Illuminate\\Pipeline\\{closure}(Object(Illuminate\\Http\\Request))
#45 E:\\pkl\\master\\vendor\\laravel\\framework\\src\\Illuminate\\Foundation\\Http\\Middleware\\TransformsRequest.php(21): Illuminate\\Routing\\Pipeline->Illuminate\\Routing\\{closure}(Object(Illuminate\\Http\\Request))
#46 E:\\pkl\\master\\vendor\\laravel\\framework\\src\\Illuminate\\Pipeline\\Pipeline.php(163): Illuminate\\Foundation\\Http\\Middleware\\TransformsRequest->handle(Object(Illuminate\\Http\\Request), Object(Closure))
#47 E:\\pkl\\master\\vendor\\laravel\\framework\\src\\Illuminate\\Routing\\Pipeline.php(53): Illuminate\\Pipeline\\Pipeline->Illuminate\\Pipeline\\{closure}(Object(Illuminate\\Http\\Request))
#48 E:\\pkl\\master\\vendor\\laravel\\framework\\src\\Illuminate\\Foundation\\Http\\Middleware\\ValidatePostSize.php(27): Illuminate\\Routing\\Pipeline->Illuminate\\Routing\\{closure}(Object(Illuminate\\Http\\Request))
#49 E:\\pkl\\master\\vendor\\laravel\\framework\\src\\Illuminate\\Pipeline\\Pipeline.php(163): Illuminate\\Foundation\\Http\\Middleware\\ValidatePostSize->handle(Object(Illuminate\\Http\\Request), Object(Closure))
#50 E:\\pkl\\master\\vendor\\laravel\\framework\\src\\Illuminate\\Routing\\Pipeline.php(53): Illuminate\\Pipeline\\Pipeline->Illuminate\\Pipeline\\{closure}(Object(Illuminate\\Http\\Request))
#51 E:\\pkl\\master\\vendor\\laravel\\framework\\src\\Illuminate\\Foundation\\Http\\Middleware\\CheckForMaintenanceMode.php(62): Illuminate\\Routing\\Pipeline->Illuminate\\Routing\\{closure}(Object(Illuminate\\Http\\Request))
#52 E:\\pkl\\master\\vendor\\laravel\\framework\\src\\Illuminate\\Pipeline\\Pipeline.php(163): Illuminate\\Foundation\\Http\\Middleware\\CheckForMaintenanceMode->handle(Object(Illuminate\\Http\\Request), Object(Closure))
#53 E:\\pkl\\master\\vendor\\laravel\\framework\\src\\Illuminate\\Routing\\Pipeline.php(53): Illuminate\\Pipeline\\Pipeline->Illuminate\\Pipeline\\{closure}(Object(Illuminate\\Http\\Request))
#54 E:\\pkl\\master\\vendor\\laravel\\framework\\src\\Illuminate\\Pipeline\\Pipeline.php(104): Illuminate\\Routing\\Pipeline->Illuminate\\Routing\\{closure}(Object(Illuminate\\Http\\Request))
#55 E:\\pkl\\master\\vendor\\laravel\\framework\\src\\Illuminate\\Foundation\\Http\\Kernel.php(151): Illuminate\\Pipeline\\Pipeline->then(Object(Closure))
#56 E:\\pkl\\master\\vendor\\laravel\\framework\\src\\Illuminate\\Foundation\\Http\\Kernel.php(116): Illuminate\\Foundation\\Http\\Kernel->sendRequestThroughRouter(Object(Illuminate\\Http\\Request))
#57 E:\\pkl\\master\\public\\index.php(55): Illuminate\\Foundation\\Http\\Kernel->handle(Object(Illuminate\\Http\\Request))
#58 {main}
"} 
